<?xml version="1.0" encoding="UTF-8"?>
<testsuite name="aahuja.tgm.ac.at.AppTest" tests="1" skipped="0" failures="0" errors="0" timestamp="2024-11-03T01:18:32" hostname="ahuja-msi-katama" time="0.011">
  <properties/>
  <testcase name="shouldAnswerWithTrue()" classname="aahuja.tgm.ac.at.AppTest" time="0.011"/>
  <system-out><![CDATA[]]></system-out>
  <system-err><![CDATA[]]></system-err>
</testsuite>
