<?xml version="1.0" encoding="UTF-8"?>
<testsuite name="aahuja.tgm.ac.at.model.QuestionTest" tests="4" skipped="0" failures="0" errors="0" timestamp="2024-11-03T16:45:19" hostname="ahuja-msi-katama" time="0.018">
  <properties/>
  <testcase name="invalidURL()" classname="aahuja.tgm.ac.at.model.QuestionTest" time="0.013"/>
  <testcase name="validURL()" classname="aahuja.tgm.ac.at.model.QuestionTest" time="0.002"/>
  <testcase name="urlIsNull()" classname="aahuja.tgm.ac.at.model.QuestionTest" time="0.001"/>
  <testcase name="wordIsNull()" classname="aahuja.tgm.ac.at.model.QuestionTest" time="0.0"/>
  <system-out><![CDATA[]]></system-out>
  <system-err><![CDATA[]]></system-err>
</testsuite>
